make all --print-data-base --no-builtin-variables --no-builtin-rules --question
# GNU Make 3.81
# Copyright (C) 2006  Free Software Foundation, Inc.
# This is free software; see the source for copying conditions.
# There is NO warranty; not even for MERCHANTABILITY or FITNESS FOR A
# PARTICULAR PURPOSE.

# This program built for i386-apple-darwin11.3.0

# Make data base, printed on Sun Jun 26 19:05:27 2022

# Variables

# automatic
<D = $(patsubst %/,%,$(dir $<))
# automatic
?F = $(notdir $?)
# environment
ELECTRON_NO_ATTACH_CONSOLE = 1
# environment
LC_CTYPE = UTF-8
# environment
VSCODE_LOG_NATIVE = false
# automatic
?D = $(patsubst %/,%,$(dir $?))
# automatic
@D = $(patsubst %/,%,$(dir $@))
# automatic
@F = $(notdir $@)
# makefile
CURDIR := /Users/nicolascossio/UPM/UPM
# makefile
SHELL = /bin/sh
# environment
VSCODE_NLS_CONFIG = {"locale":"en-gb","availableLanguages":{},"_languagePackSupport":true}
# environment
_ = /usr/bin/make
# makefile
MAKEFILE_LIST := 
# environment
VSCODE_VERBOSE_LOGGING = true
# environment
__CFBundleIdentifier = com.microsoft.VSCode
# environment
VSCODE_IPC_HOOK_EXTHOST = /var/folders/qz/r6rczvz16dd0xdb4zc7yh7580000gn/T/vscode-ipc-0e68c612-1b0f-4ba0-959f-a38ef17ed337.sock
# environment
VSCODE_CWD = /Users/nicolascossio/UPM/UPM
# environment
PATH = /Users/nicolascossio/micromamba/bin:/Users/nicolascossio/micromamba/condabin:/Users/nicolascossio/micromamba/condabin:/Users/nicolascossio/Library/Android/sdk/platform-tools:/opt/homebrew/opt/openjdk@11/bin:/Users/nicolascossio/.scripts:/opt/homebrew/opt/curl/bin:/opt/homebrew/opt/openssl@3/bin:/opt/homebrew/opt/openjdk/bin:/Users/nicolascossio/Library/Python/3.8/bin:/usr/local/bin:/usr/bin:/bin:/usr/sbin:/sbin:/opt/homebrew/bin:/opt/local/bin:/opt/local/sbin:/Library/Apple/usr/bin:/Library/TeX/texbin
# environment
SSH_ENV = /Users/nicolascossio/.ssh/environment
# environment
VSCODE_LOG_STACK = false
# environment
ELECTRON_RUN_AS_NODE = 1
# environment
ANDROID_HOME = /Users/nicolascossio/Library/Android/sdk/
# default
.FEATURES := target-specific order-only second-expansion else-if archives jobserver check-symlink
# environment
SSH_AUTH_SOCK = /var/folders/qz/r6rczvz16dd0xdb4zc7yh7580000gn/T//ssh-Ak9pFWLvZkn2/agent.1277
# automatic
%F = $(notdir $%)
# environment
CONDA_EXE = /Users/nicolascossio/micromamba/bin/conda
# default
MAKEFILES := 
# environment
VSCODE_PIPE_LOGGING = true
# environment
PWD = /Users/nicolascossio/upm/upm
# environment
SSH_AGENT_PID = 1279
# environment
ORIGINAL_XDG_CURRENT_DESKTOP = undefined
# environment
VSCODE_AMD_ENTRYPOINT = vs/workbench/api/node/extensionHostProcess
# environment
HOME = /Users/nicolascossio
# default
MAKEFILEPATH := /Applications/Xcode.app/Contents/Developer/Makefiles
# environment
VSCODE_CLI = 1
# environment
VSCODE_CODE_CACHE_PATH = /Users/nicolascossio/Library/Application Support/Code/CachedData/30d9c6cd9483b2cc586687151bcbcd635f373630
# environment
LOGNAME = nicolascossio
# environment
APPLICATION_INSIGHTS_NO_DIAGNOSTIC_CHANNEL = 1
# environment
CONDA_PROMPT_MODIFIER = (base) 
# environment
NNN_FCOLORS = 0000E6310000000000000000
# environment
VSCODE_HANDLES_UNCAUGHT_ERRORS = true
# automatic
^D = $(patsubst %/,%,$(dir $^))
# environment
CONDA_DEFAULT_ENV = base
# environment
XPC_FLAGS = 0x0
# environment
COLORTERM = truecolor
# default
MAKE = $(MAKE_COMMAND)
# environment
LC_TERMINAL = iTerm2
# environment
SHLVL = 3
# environment
NNN_FIFO = /tmp/nnn.fifo
# environment
JAVA_HOME = /Users/nicolascossio/.jenv/versions/openjdk64-11.0.15
# default
MAKE_VERSION := 3.81
# environment
USER = nicolascossio
# makefile
.DEFAULT_GOAL := 
# environment
MAMBA_EXE = /Users/nicolascossio/.micromamba/bin/micromamba
# default
MAKECMDGOALS := all
# environment
TERM_SESSION_ID = w0t0p0:38D562DE-3314-4173-AFDF-10EE91EF8B4F
# automatic
%D = $(patsubst %/,%,$(dir $%))
# environment
CONDA_SHLVL = 1
# default
MAKE_COMMAND := /Applications/Xcode.app/Contents/Developer/usr/bin/make
# environment
TERM_PROGRAM = iTerm.app
# default
.VARIABLES := 
# environment
TMPDIR = /var/folders/qz/r6rczvz16dd0xdb4zc7yh7580000gn/T/
# automatic
*F = $(notdir $*)
# environment
VSCODE_IPC_HOOK = /Users/nicolascossio/Library/Application Support/Code/1.68.1-main.sock
# makefile
MAKEFLAGS = Rrqp
# environment
MFLAGS = -Rrqp
# automatic
*D = $(patsubst %/,%,$(dir $*))
# environment
TERM_PROGRAM_VERSION = 3.4.15
# environment
XPC_SERVICE_NAME = application.com.microsoft.VSCode.18715493.18715499.A77FD4BB-5D43-4B79-9911-FFD38438F32C
# environment
LC_TERMINAL_VERSION = 3.4.15
# automatic
+D = $(patsubst %/,%,$(dir $+))
# automatic
+F = $(notdir $+)
# environment
ITERM_SESSION_ID = w0t0p0:38D562DE-3314-4173-AFDF-10EE91EF8B4F
# environment
COLORFGBG = 15;0
# environment
__CF_USER_TEXT_ENCODING = 0x1F5:0x0:0x0
# environment
COMMAND_MODE = unix2003
# environment
MAMBA_ROOT_PREFIX = /Users/nicolascossio/micromamba
# automatic
<F = $(notdir $<)
# environment
ITERM_PROFILE = Black colorfull
# environment
LC_ALL = C
# environment
CONDA_PYTHON_EXE = /Users/nicolascossio/micromamba/bin/python
# automatic
^F = $(notdir $^)
# environment
MAMBA_SHLVL = 0
# default
SUFFIXES := 
# environment
_CE_M = 
# environment
MAKELEVEL := 0
# environment
CONDA_PREFIX = /Users/nicolascossio/micromamba
# environment
TERM = xterm-256color
# environment
VSCODE_PID = 87082
# environment
_CE_CONDA = 
# environment
LANG = C
# variable set hash-table stats:
# Load=91/1024=9%, Rehash=0, Collisions=8/111=7%

# Pattern-specific Variable Values

# No pattern-specific variable values.

# Directories

# . (device 16777230, inode 11396572): 18 files, no impossibilities.

# 18 files, no impossibilities in 1 directories.

# Implicit Rules

# No implicit rules.

# Files

# Not a target:
all:
#  Command-line target.
#  Implicit rule search has been done.
#  File does not exist.
#  File has not been updated.
# variable set hash-table stats:
# Load=0/32=0%, Rehash=0, Collisions=0/0=0%

# Not a target:
.SUFFIXES:
#  Implicit rule search has not been done.
#  Modification time never checked.
#  File has not been updated.

# Not a target:
Makefile:
#  A default, MAKEFILES, or -include/sinclude makefile.
#  Implicit rule search has been done.
#  File does not exist.
#  File has been updated.
#  Failed to be updated.
# variable set hash-table stats:
# Load=0/32=0%, Rehash=0, Collisions=0/0=0%

# Not a target:
makefile:
#  A default, MAKEFILES, or -include/sinclude makefile.
#  Implicit rule search has been done.
#  File does not exist.
#  File has been updated.
#  Failed to be updated.
# variable set hash-table stats:
# Load=0/32=0%, Rehash=0, Collisions=0/0=0%

# Not a target:
.DEFAULT:
#  Implicit rule search has not been done.
#  Modification time never checked.
#  File has not been updated.

# Not a target:
GNUmakefile:
#  A default, MAKEFILES, or -include/sinclude makefile.
#  Implicit rule search has been done.
#  File does not exist.
#  File has been updated.
#  Failed to be updated.
# variable set hash-table stats:
# Load=0/32=0%, Rehash=0, Collisions=0/0=0%

# files hash-table stats:
# Load=6/1024=1%, Rehash=0, Collisions=0/17=0%
# VPATH Search Paths

# No `vpath' search paths.

# No general (`VPATH' variable) search path.

# # of strings in strcache: 0
# # of strcache buffers: 0
# strcache size: total = 0 / max = 0 / min = 4096 / avg = 0
# strcache free: total = 0 / max = 0 / min = 4096 / avg = 0

# Finished Make data base on Sun Jun 26 19:05:27 2022

 
make: *** No rule to make target `all'.  Stop.

